1744822791.444544 client started (32852): version 3.2a, socket /tmp/tmux-1000/default, protocol 8
1744822791.444631 on Linux 6.8.0-57-generic #59~22.04.1-Ubuntu SMP PREEMPT_DYNAMIC Wed Mar 19 17:07:41 UTC 2
1744822791.444649 using libevent 2.1.12-stable (poll); ncurses 6.3
1744822791.444752 flags are 0x10010000
1744822791.444769 socket is /tmp/tmux-1000/default
1744822791.444804 trying connect
1744822791.445014 add peer 0x5e5fc36b0a70: 6 ((nil))
1744822791.445786 sending message 100 to peer 0x5e5fc36b0a70 (4 bytes)
1744822791.445827 sending message 111 to peer 0x5e5fc36b0a70 (8 bytes)
1744822791.445841 sending message 101 to peer 0x5e5fc36b0a70 (7 bytes)
1744822791.445853 sending message 109 to peer 0x5e5fc36b0a70 (4 bytes)
1744822791.445865 sending message 102 to peer 0x5e5fc36b0a70 (11 bytes)
1744822791.445878 sending message 108 to peer 0x5e5fc36b0a70 (21 bytes)
1744822791.445892 sending message 112 to peer 0x5e5fc36b0a70 (70 bytes)
1744822791.445905 sending message 112 to peer 0x5e5fc36b0a70 (5 bytes)
1744822791.445917 sending message 112 to peer 0x5e5fc36b0a70 (5 bytes)
1744822791.445928 sending message 112 to peer 0x5e5fc36b0a70 (6 bytes)
1744822791.445940 sending message 112 to peer 0x5e5fc36b0a70 (6 bytes)
1744822791.445952 sending message 112 to peer 0x5e5fc36b0a70 (11 bytes)
1744822791.445966 sending message 112 to peer 0x5e5fc36b0a70 (10 bytes)
1744822791.445978 sending message 112 to peer 0x5e5fc36b0a70 (13 bytes)
1744822791.445990 sending message 112 to peer 0x5e5fc36b0a70 (13 bytes)
1744822791.446001 sending message 112 to peer 0x5e5fc36b0a70 (18 bytes)
1744822791.446013 sending message 112 to peer 0x5e5fc36b0a70 (9 bytes)
1744822791.446025 sending message 112 to peer 0x5e5fc36b0a70 (21 bytes)
1744822791.446036 sending message 112 to peer 0x5e5fc36b0a70 (13 bytes)
1744822791.446049 sending message 112 to peer 0x5e5fc36b0a70 (7 bytes)
1744822791.446081 sending message 112 to peer 0x5e5fc36b0a70 (13 bytes)
1744822791.446099 sending message 112 to peer 0x5e5fc36b0a70 (7 bytes)
1744822791.446111 sending message 112 to peer 0x5e5fc36b0a70 (13 bytes)
1744822791.446123 sending message 112 to peer 0x5e5fc36b0a70 (9 bytes)
1744822791.446135 sending message 112 to peer 0x5e5fc36b0a70 (21 bytes)
1744822791.446146 sending message 112 to peer 0x5e5fc36b0a70 (13 bytes)
1744822791.446158 sending message 112 to peer 0x5e5fc36b0a70 (8 bytes)
1744822791.446170 sending message 112 to peer 0x5e5fc36b0a70 (12 bytes)
1744822791.446182 sending message 112 to peer 0x5e5fc36b0a70 (13 bytes)
1744822791.446194 sending message 112 to peer 0x5e5fc36b0a70 (9 bytes)
1744822791.446206 sending message 112 to peer 0x5e5fc36b0a70 (9 bytes)
1744822791.446218 sending message 112 to peer 0x5e5fc36b0a70 (12 bytes)
1744822791.446230 sending message 112 to peer 0x5e5fc36b0a70 (8 bytes)
1744822791.446242 sending message 112 to peer 0x5e5fc36b0a70 (7 bytes)
1744822791.446254 sending message 112 to peer 0x5e5fc36b0a70 (7 bytes)
1744822791.446265 sending message 112 to peer 0x5e5fc36b0a70 (9 bytes)
1744822791.446278 sending message 112 to peer 0x5e5fc36b0a70 (13 bytes)
1744822791.446290 sending message 112 to peer 0x5e5fc36b0a70 (9 bytes)
1744822791.446302 sending message 112 to peer 0x5e5fc36b0a70 (15 bytes)
1744822791.446314 sending message 112 to peer 0x5e5fc36b0a70 (13 bytes)
1744822791.446326 sending message 112 to peer 0x5e5fc36b0a70 (12 bytes)
1744822791.446338 sending message 112 to peer 0x5e5fc36b0a70 (8 bytes)
1744822791.446350 sending message 112 to peer 0x5e5fc36b0a70 (14 bytes)
1744822791.446362 sending message 112 to peer 0x5e5fc36b0a70 (9 bytes)
1744822791.446374 sending message 112 to peer 0x5e5fc36b0a70 (10 bytes)
1744822791.446386 sending message 112 to peer 0x5e5fc36b0a70 (10 bytes)
1744822791.446399 sending message 112 to peer 0x5e5fc36b0a70 (10 bytes)
1744822791.446411 sending message 112 to peer 0x5e5fc36b0a70 (10 bytes)
1744822791.446424 sending message 112 to peer 0x5e5fc36b0a70 (11 bytes)
1744822791.446438 sending message 112 to peer 0x5e5fc36b0a70 (10 bytes)
1744822791.446451 sending message 112 to peer 0x5e5fc36b0a70 (8 bytes)
1744822791.446497 sending message 112 to peer 0x5e5fc36b0a70 (11 bytes)
1744822791.446510 sending message 112 to peer 0x5e5fc36b0a70 (11 bytes)
1744822791.446522 sending message 112 to peer 0x5e5fc36b0a70 (11 bytes)
1744822791.446534 sending message 112 to peer 0x5e5fc36b0a70 (8 bytes)
1744822791.446545 sending message 112 to peer 0x5e5fc36b0a70 (8 bytes)
1744822791.446557 sending message 112 to peer 0x5e5fc36b0a70 (8 bytes)
1744822791.446569 sending message 112 to peer 0x5e5fc36b0a70 (10 bytes)
1744822791.446580 sending message 112 to peer 0x5e5fc36b0a70 (10 bytes)
1744822791.446592 sending message 112 to peer 0x5e5fc36b0a70 (10 bytes)
1744822791.446604 sending message 112 to peer 0x5e5fc36b0a70 (10 bytes)
1744822791.446616 sending message 112 to peer 0x5e5fc36b0a70 (10 bytes)
1744822791.446628 sending message 112 to peer 0x5e5fc36b0a70 (11 bytes)
1744822791.446640 sending message 112 to peer 0x5e5fc36b0a70 (11 bytes)
1744822791.446652 sending message 112 to peer 0x5e5fc36b0a70 (10 bytes)
1744822791.446663 sending message 112 to peer 0x5e5fc36b0a70 (9 bytes)
1744822791.446675 sending message 112 to peer 0x5e5fc36b0a70 (9 bytes)
1744822791.446688 sending message 112 to peer 0x5e5fc36b0a70 (12 bytes)
1744822791.446700 sending message 112 to peer 0x5e5fc36b0a70 (9 bytes)
1744822791.446712 sending message 112 to peer 0x5e5fc36b0a70 (6 bytes)
1744822791.446723 sending message 112 to peer 0x5e5fc36b0a70 (8 bytes)
1744822791.446735 sending message 112 to peer 0x5e5fc36b0a70 (15 bytes)
1744822791.446746 sending message 112 to peer 0x5e5fc36b0a70 (13 bytes)
1744822791.446758 sending message 112 to peer 0x5e5fc36b0a70 (16 bytes)
1744822791.446770 sending message 112 to peer 0x5e5fc36b0a70 (16 bytes)
1744822791.446781 sending message 112 to peer 0x5e5fc36b0a70 (10 bytes)
1744822791.446793 sending message 112 to peer 0x5e5fc36b0a70 (8 bytes)
1744822791.446805 sending message 112 to peer 0x5e5fc36b0a70 (15 bytes)
1744822791.446816 sending message 112 to peer 0x5e5fc36b0a70 (13 bytes)
1744822791.446829 sending message 112 to peer 0x5e5fc36b0a70 (10 bytes)
1744822791.446840 sending message 112 to peer 0x5e5fc36b0a70 (10 bytes)
1744822791.446853 sending message 112 to peer 0x5e5fc36b0a70 (5 bytes)
1744822791.446866 sending message 112 to peer 0x5e5fc36b0a70 (15 bytes)
1744822791.446881 sending message 104 to peer 0x5e5fc36b0a70 (0 bytes)
1744822791.446896 sending message 110 to peer 0x5e5fc36b0a70 (0 bytes)
1744822791.446910 sending message 107 to peer 0x5e5fc36b0a70 (4 bytes)
1744822791.446923 sending message 105 to peer 0x5e5fc36b0a70 (102 bytes)
1744822791.446936 sending message 105 to peer 0x5e5fc36b0a70 (20 bytes)
1744822791.446949 sending message 105 to peer 0x5e5fc36b0a70 (51 bytes)
1744822791.446961 sending message 105 to peer 0x5e5fc36b0a70 (11 bytes)
1744822791.446973 sending message 105 to peer 0x5e5fc36b0a70 (32 bytes)
1744822791.446985 sending message 105 to peer 0x5e5fc36b0a70 (52 bytes)
1744822791.446997 sending message 105 to peer 0x5e5fc36b0a70 (28 bytes)
1744822791.447040 sending message 105 to peer 0x5e5fc36b0a70 (17 bytes)
1744822791.447174 sending message 105 to peer 0x5e5fc36b0a70 (13 bytes)
1744822791.447199 sending message 105 to peer 0x5e5fc36b0a70 (54 bytes)
1744822791.447211 sending message 105 to peer 0x5e5fc36b0a70 (14 bytes)
1744822791.447223 sending message 105 to peer 0x5e5fc36b0a70 (45 bytes)
1744822791.447235 sending message 105 to peer 0x5e5fc36b0a70 (25 bytes)
1744822791.447247 sending message 105 to peer 0x5e5fc36b0a70 (23 bytes)
1744822791.447260 sending message 105 to peer 0x5e5fc36b0a70 (24 bytes)
1744822791.447273 sending message 105 to peer 0x5e5fc36b0a70 (60 bytes)
1744822791.447284 sending message 105 to peer 0x5e5fc36b0a70 (22 bytes)
1744822791.447296 sending message 105 to peer 0x5e5fc36b0a70 (34 bytes)
1744822791.447308 sending message 105 to peer 0x5e5fc36b0a70 (33 bytes)
1744822791.447320 sending message 105 to peer 0x5e5fc36b0a70 (14 bytes)
1744822791.447332 sending message 105 to peer 0x5e5fc36b0a70 (13 bytes)
1744822791.447344 sending message 105 to peer 0x5e5fc36b0a70 (86 bytes)
1744822791.447356 sending message 105 to peer 0x5e5fc36b0a70 (28 bytes)
1744822791.447385 sending message 105 to peer 0x5e5fc36b0a70 (19 bytes)
1744822791.447398 sending message 105 to peer 0x5e5fc36b0a70 (44 bytes)
1744822791.447410 sending message 105 to peer 0x5e5fc36b0a70 (20 bytes)
1744822791.447421 sending message 105 to peer 0x5e5fc36b0a70 (41 bytes)
1744822791.447433 sending message 105 to peer 0x5e5fc36b0a70 (12 bytes)
1744822791.447445 sending message 105 to peer 0x5e5fc36b0a70 (21 bytes)
1744822791.447457 sending message 105 to peer 0x5e5fc36b0a70 (33 bytes)
1744822791.447469 sending message 105 to peer 0x5e5fc36b0a70 (94 bytes)
1744822791.447482 sending message 105 to peer 0x5e5fc36b0a70 (18 bytes)
1744822791.447493 sending message 105 to peer 0x5e5fc36b0a70 (18 bytes)
1744822791.447505 sending message 105 to peer 0x5e5fc36b0a70 (18 bytes)
1744822791.447517 sending message 105 to peer 0x5e5fc36b0a70 (37 bytes)
1744822791.447529 sending message 105 to peer 0x5e5fc36b0a70 (58 bytes)
1744822791.447541 sending message 105 to peer 0x5e5fc36b0a70 (19 bytes)
1744822791.447553 sending message 105 to peer 0x5e5fc36b0a70 (242 bytes)
1744822791.447565 sending message 105 to peer 0x5e5fc36b0a70 (10 bytes)
1744822791.447577 sending message 105 to peer 0x5e5fc36b0a70 (23 bytes)
1744822791.447589 sending message 105 to peer 0x5e5fc36b0a70 (31 bytes)
1744822791.447601 sending message 105 to peer 0x5e5fc36b0a70 (8 bytes)
1744822791.447613 sending message 105 to peer 0x5e5fc36b0a70 (26 bytes)
1744822791.447625 sending message 105 to peer 0x5e5fc36b0a70 (30 bytes)
1744822791.447637 sending message 105 to peer 0x5e5fc36b0a70 (13 bytes)
1744822791.447649 sending message 105 to peer 0x5e5fc36b0a70 (20 bytes)
1744822791.447661 sending message 105 to peer 0x5e5fc36b0a70 (23 bytes)
1744822791.447673 sending message 105 to peer 0x5e5fc36b0a70 (16 bytes)
1744822791.447685 sending message 105 to peer 0x5e5fc36b0a70 (17 bytes)
1744822791.447697 sending message 105 to peer 0x5e5fc36b0a70 (36 bytes)
1744822791.447710 sending message 105 to peer 0x5e5fc36b0a70 (41 bytes)
1744822791.447722 sending message 105 to peer 0x5e5fc36b0a70 (27 bytes)
1744822791.447734 sending message 106 to peer 0x5e5fc36b0a70 (0 bytes)
1744822791.447752 sending message 200 to peer 0x5e5fc36b0a70 (4 bytes)
1744822791.447764 client loop enter
1744822791.449018 peer 0x5e5fc36b0a70 message 303
1744822791.449087 open write file 2 -
1744822791.449136 sending message 305 to peer 0x5e5fc36b0a70 (8 bytes)
1744822791.449176 write check file 2
1744822791.449612 peer 0x5e5fc36b0a70 message 304
1744822791.449650 write 58 to file 2
1744822791.449678 peer 0x5e5fc36b0a70 message 203
1744822791.449691 file 2 58 bytes left
1744822791.449747 write check file 2
1744822791.449760 client loop exit
